<?xml version="1.0" encoding="UTF-8"?>
<!-- Generated by org.testng.reporters.JUnitReportReporter -->
<testsuite hostname="LAPTOP-2Q16PT02" failures="0" tests="1" name="com.itview.webobject.Code_For_WindowSize_5" time="5.552" errors="0" timestamp="2023-03-18T22:48:01 IST" skipped="0">
  <testcase classname="com.itview.webobject.Code_For_WindowSize_5" name="Code_For_WindowSize" time="5.552"/>
  <system-out/>
</testsuite> <!-- com.itview.webobject.Code_For_WindowSize_5 -->
