<?xml version="1.0" encoding="UTF-8"?>
<!-- Generated by org.testng.reporters.JUnitReportReporter -->
<testsuite hostname="LAPTOP-2Q16PT02" failures="0" tests="1" name="com.itview.webobject.Code_For_Screenshot_10" time="4.097" errors="0" timestamp="2023-03-19T10:36:43 IST" skipped="0">
  <testcase classname="com.itview.webobject.Code_For_Screenshot_10" name="Code_For_Screenshot" time="4.097"/>
  <system-out/>
</testsuite> <!-- com.itview.webobject.Code_For_Screenshot_10 -->
