<?xml version="1.0" encoding="UTF-8"?>
<!-- Generated by org.testng.reporters.JUnitReportReporter -->
<testsuite hostname="LAPTOP-2Q16PT02" failures="0" tests="2" name="com.itview.testng.HardAssertCode" time="8.129" errors="0" timestamp="2023-03-24T17:59:32 IST" skipped="0">
  <testcase classname="com.itview.testng.HardAssertCode" name="loginTest" time="3.090"/>
  <system-out/>
  <testcase classname="com.itview.testng.HardAssertCode" name="logoutTest" time="5.039"/>
  <system-out/>
</testsuite> <!-- com.itview.testng.HardAssertCode -->
