<?xml version="1.0" encoding="UTF-8"?>
<!-- Generated by org.testng.reporters.JUnitReportReporter -->
<testsuite hostname="LAPTOP-2Q16PT02" failures="0" tests="1" name="com.itview.webobject.Code_For_CountElements_1" time="5.426" errors="0" timestamp="2023-03-24T14:49:20 IST" skipped="0">
  <testcase classname="com.itview.webobject.Code_For_CountElements_1" name="CountWebElement" time="5.426"/>
  <system-out/>
</testsuite> <!-- com.itview.webobject.Code_For_CountElements_1 -->
