<?xml version="1.0" encoding="UTF-8"?>
<!-- Generated by org.testng.reporters.JUnitReportReporter -->
<testsuite hostname="LAPTOP-2Q16PT02" failures="0" tests="1" name="com.itviewtesting.HardAssertCode" time="0.000" errors="0" timestamp="2023-03-10T22:07:11 IST" skipped="1">
  <testcase classname="com.itviewtesting.HardAssertCode" name="f" time="0.000">
    <skipped/>
  </testcase> <!-- f -->
  <system-out/>
</testsuite> <!-- com.itviewtesting.HardAssertCode -->
