<?xml version="1.0" encoding="UTF-8"?>
<!-- Generated by org.testng.reporters.JUnitReportReporter -->
<testsuite hostname="LAPTOP-2Q16PT02" failures="0" tests="1" name="com.itview.webobject.Code_For_KeyboardHandle_6" time="14.565" errors="0" timestamp="2023-03-18T22:43:33 IST" skipped="0">
  <testcase classname="com.itview.webobject.Code_For_KeyboardHandle_6" name="Code_For_KeyboardHandle_Test" time="14.565"/>
  <system-out/>
</testsuite> <!-- com.itview.webobject.Code_For_KeyboardHandle_6 -->
