<?xml version="1.0" encoding="UTF-8"?>
<!-- Generated by org.testng.reporters.JUnitReportReporter -->
<testsuite hostname="LAPTOP-2Q16PT02" failures="0" tests="3" name="com.itview.testcases.DataDriven_FD_DataProvider" time="23.326" errors="0" timestamp="2023-03-25T13:16:36 IST" skipped="0">
  <testcase classname="com.itview.testcases.DataDriven_FD_DataProvider" name="f" time="11.348"/>
  <system-out/>
  <testcase classname="com.itview.testcases.DataDriven_FD_DataProvider" name="f" time="6.017"/>
  <system-out/>
  <testcase classname="com.itview.testcases.DataDriven_FD_DataProvider" name="f" time="5.961"/>
  <system-out/>
</testsuite> <!-- com.itview.testcases.DataDriven_FD_DataProvider -->
