<?xml version="1.0" encoding="UTF-8"?>
<!-- Generated by org.testng.reporters.JUnitReportReporter -->
<testsuite hostname="LAPTOP-2Q16PT02" failures="0" tests="3" name="com.itview.testng.AllAnnotations" time="0.019" errors="0" timestamp="2023-03-23T16:29:29 IST" skipped="0">
  <testcase classname="com.itview.testng.AllAnnotations" name="Test2" time="0.009"/>
  <system-out/>
  <testcase classname="com.itview.testng.AllAnnotations" name="Test1" time="0.007"/>
  <system-out/>
  <testcase classname="com.itview.testng.AllAnnotations" name="Test3" time="0.003"/>
  <system-out/>
</testsuite> <!-- com.itview.testng.AllAnnotations -->
