<?xml version="1.0" encoding="UTF-8"?>
<!-- Generated by org.testng.reporters.JUnitReportReporter -->
<testsuite hostname="LAPTOP-2Q16PT02" failures="0" tests="1" name="com.itview.webobject.Code_For_WindowTab_8" time="12.653" errors="0" timestamp="2023-03-18T22:48:27 IST" skipped="0">
  <testcase classname="com.itview.webobject.Code_For_WindowTab_8" name="tabFlipkart" time="12.653"/>
  <system-out/>
</testsuite> <!-- com.itview.webobject.Code_For_WindowTab_8 -->
