<?xml version="1.0" encoding="UTF-8"?>
<!-- Generated by org.testng.reporters.JUnitReportReporter -->
<testsuite hostname="LAPTOP-2Q16PT02" failures="0" tests="1" name="com.itview.webobject.Code_For_Alert_2" time="11.249" errors="0" timestamp="2023-03-24T14:49:47 IST" skipped="0">
  <testcase classname="com.itview.webobject.Code_For_Alert_2" name="Code_For_Alert_Test" time="11.249"/>
  <system-out/>
</testsuite> <!-- com.itview.webobject.Code_For_Alert_2 -->
