<?xml version="1.0" encoding="UTF-8"?>
<!-- Generated by org.testng.reporters.JUnitReportReporter -->
<testsuite hostname="LAPTOP-2Q16PT02" failures="0" tests="3" name="com.itview.testng.CrossBrowserCode" time="18.421" errors="0" timestamp="2023-03-23T16:30:32 IST" skipped="0">
  <testcase classname="com.itview.testng.CrossBrowserCode" name="EdgeBrowser" time="7.760"/>
  <system-out/>
  <testcase classname="com.itview.testng.CrossBrowserCode" name="ChromeBrowser" time="4.327"/>
  <system-out/>
  <testcase classname="com.itview.testng.CrossBrowserCode" name="edgeBrowser" time="6.334"/>
  <system-out/>
</testsuite> <!-- com.itview.testng.CrossBrowserCode -->
