<?xml version="1.0" encoding="UTF-8"?>
<!-- Generated by org.testng.reporters.JUnitReportReporter -->
<testsuite hostname="LAPTOP-2Q16PT02" failures="0" tests="3" name="com.itview.testng.BasicWebObject" time="2.473" errors="0" timestamp="2023-03-23T16:35:43 IST" skipped="0">
  <testcase classname="com.itview.testng.BasicWebObject" name="validate_textBox" time="0.474"/>
  <system-out/>
  <testcase classname="com.itview.testng.BasicWebObject" name="validate_checkbox_radiobutton" time="0.197"/>
  <system-out/>
  <testcase classname="com.itview.testng.BasicWebObject" name="validate_drop_down" time="1.802"/>
  <system-out/>
</testsuite> <!-- com.itview.testng.BasicWebObject -->
