<?xml version="1.0" encoding="UTF-8"?>
<!-- Generated by org.testng.reporters.JUnitReportReporter -->
<testsuite hostname="LAPTOP-2Q16PT02" failures="0" tests="1" name="com.itview.testng.LoginOpenMRS" time="17.368" errors="0" timestamp="2023-03-19T10:32:37 IST" skipped="0">
  <testcase classname="com.itview.testng.LoginOpenMRS" name="loginOpenMRS_Admin" time="17.368"/>
  <system-out/>
</testsuite> <!-- com.itview.testng.LoginOpenMRS -->
