<?xml version="1.0" encoding="UTF-8"?>
<!-- Generated by org.testng.reporters.JUnitReportReporter -->
<testsuite hostname="LAPTOP-2Q16PT02" failures="0" tests="1" name="com.itview.webobject.Code_For_MouseHandle_7" time="3.447" errors="0" timestamp="2023-03-18T22:43:54 IST" skipped="0">
  <testcase classname="com.itview.webobject.Code_For_MouseHandle_7" name="Code_For_MouseHandle_Test" time="3.447"/>
  <system-out/>
</testsuite> <!-- com.itview.webobject.Code_For_MouseHandle_7 -->
