<?xml version="1.0" encoding="UTF-8"?>
<!-- Generated by org.testng.reporters.JUnitReportReporter -->
<testsuite hostname="LAPTOP-2Q16PT02" failures="0" tests="1" name="com.itview.webobject.Code_For_IFrame_3" time="7.435" errors="0" timestamp="2023-03-18T22:41:42 IST" skipped="0">
  <testcase classname="com.itview.webobject.Code_For_IFrame_3" name="Code_For_IFrame_Test" time="7.435"/>
  <system-out/>
</testsuite> <!-- com.itview.webobject.Code_For_IFrame_3 -->
